0 info it worked if it ends with ok
1 verbose cli [ 'c:\\Program Files\\nodejs\\node.exe',
1 verbose cli   'c:\\Program Files\\nodejs\\node_modules\\npm\\bin\\npm-cli.js',
1 verbose cli   'install',
1 verbose cli   '--unsafe-perm' ]
2 info using npm@1.3.17
3 info using node@v0.10.23
4 error install Couldn't read dependencies
5 error Failed to parse json
5 error Unexpected string
6 error File: e:\projects\ursa\package.json
7 error Failed to parse package.json data.
7 error package.json must be actual JSON, not just JavaScript.
7 error
7 error This is not a bug in npm.
7 error Tell the package author to fix their package.json file. JSON.parse
8 error System Windows_NT 6.1.7601
9 error command "c:\\Program Files\\nodejs\\node.exe" "c:\\Program Files\\nodejs\\node_modules\\npm\\bin\\npm-cli.js" "install" "--unsafe-perm"
10 error cwd e:\projects\ursa
11 error node -v v0.10.23
12 error npm -v 1.3.17
13 error file e:\projects\ursa\package.json
14 error code EJSONPARSE
15 verbose exit [ 1, true ]
